2024/07/04 14:57:47 [info] 2372653: 监听8080端口成功!
2024/07/04 14:57:47 [notice] 2372653: master process ./nginx 2372653 【master进程】启动并开始运行......!
2024/07/04 14:57:48 [notice] 2372654: worker process 2372654 【worker进程】启动并开始运行......!
2024/07/04 14:58:08 [notice] 2372654: signal 2 (SIGINT) received 
2024/07/04 14:58:08 [notice] 2372653: signal 2 (SIGINT) received 
2024/07/04 14:58:08 [info] 2372654: CSocekt::ngx_epoll_process_events()中epoll_wait()失败! (4: Interrupted system call) 
2024/07/04 14:58:08 [stderr] 2372654: nginx: ------------------------------------begin--------------------------------------
2024/07/04 14:58:08 [stderr] 2372654: nginx: 当前在线人数/总人数(0/2048)。
2024/07/04 14:58:08 [stderr] 2372654: nginx: 连接池中空闲连接/总连接/要释放的连接(2047/2048/0)。
2024/07/04 14:58:08 [stderr] 2372654: nginx: 当前时间队列大小(0)。
2024/07/04 14:58:08 [stderr] 2372654: nginx: 当前收消息队列/发消息队列大小分别为(0/0)，丢弃的待发送数据包数量为0。
2024/07/04 14:58:08 [stderr] 2372654: nginx: -------------------------------------end---------------------------------------
2024/07/04 14:58:40 [notice] 2372654: signal 2 (SIGINT) received 
2024/07/04 14:58:40 [notice] 2372653: signal 2 (SIGINT) received 
2024/07/04 14:58:40 [info] 2372654: CSocekt::ngx_epoll_process_events()中epoll_wait()失败! (4: Interrupted system call) 
2024/07/04 14:58:40 [stderr] 2372654: nginx: ------------------------------------begin--------------------------------------
2024/07/04 14:58:40 [stderr] 2372654: nginx: 当前在线人数/总人数(0/2048)。
2024/07/04 14:58:40 [stderr] 2372654: nginx: 连接池中空闲连接/总连接/要释放的连接(2047/2048/0)。
2024/07/04 14:58:40 [stderr] 2372654: nginx: 当前时间队列大小(0)。
2024/07/04 14:58:40 [stderr] 2372654: nginx: 当前收消息队列/发消息队列大小分别为(0/0)，丢弃的待发送数据包数量为0。
2024/07/04 14:58:40 [stderr] 2372654: nginx: -------------------------------------end---------------------------------------
